<?xml version="1.0" encoding="UTF-8"?>
<!-- Generated by org.testng.reporters.JUnitXMLReporter -->
<testsuite hostname="LAPTOP-VU0KHJRO" ignored="0" name="Default test" tests="1" failures="1" timestamp="2020-12-01T22:43:45 IST" time="2.419" errors="0">
  <testcase name="runScenario" time="0.818" classname="io.cucumber.testng.AbstractTestNGCucumberTests">
    <failure type="java.io.FileNotFoundException" message="E:\Automation\AutomationNested\com.bddtddHYBRID.gui.facebook\src\test\resources\properties\config.properties (The device is not ready)">
      <![CDATA[java.io.FileNotFoundException: E:\Automation\AutomationNested\com.bddtddHYBRID.gui.facebook\src\test\resources\properties\config.properties (The device is not ready)
at java.io.FileInputStream.open0(Native Method)
at java.io.FileInputStream.open(Unknown Source)
at java.io.FileInputStream.<init>(Unknown Source)
at glue.Shared.method(Shared.java:28)
]]>
    </failure>
  </testcase> <!-- runScenario -->
</testsuite> <!-- Default test -->
