<?xml version="1.0" encoding="UTF-8"?>
<testng-results skipped="0" failed="0" ignored="0" total="1" passed="1">
  <reporter-output>
  </reporter-output>
  <suite name="Suite" duration-ms="17000" started-at="2020-12-01T22:47:22 IST" finished-at="2020-12-01T22:47:39 IST">
    <groups>
      <group name="cucumber">
        <method signature="AbstractTestNGCucumberTests.runScenario(io.cucumber.testng.PickleWrapper, io.cucumber.testng.FeatureWrapper)[pri:0, instance:tests.TitleTestRunner@4d50efb8]" name="runScenario" class="io.cucumber.testng.AbstractTestNGCucumberTests"/>
      </group> <!-- cucumber -->
    </groups>
    <test name="Test" duration-ms="17000" started-at="2020-12-01T22:47:22 IST" finished-at="2020-12-01T22:47:39 IST">
      <class name="tests.TitleTestRunner">
        <test-method status="PASS" signature="setUpClass()[pri:0, instance:tests.TitleTestRunner@4d50efb8]" name="setUpClass" is-config="true" duration-ms="1220" started-at="2020-12-01T22:47:22 IST" finished-at="2020-12-01T22:47:23 IST">
          <reporter-output>
          </reporter-output>
        </test-method> <!-- setUpClass -->
        <test-method status="PASS" signature="runScenario(io.cucumber.testng.PickleWrapper, io.cucumber.testng.FeatureWrapper)[pri:0, instance:tests.TitleTestRunner@4d50efb8]" name="runScenario" duration-ms="15404" started-at="2020-12-01T22:47:23 IST" description="Runs Cucumber Scenarios" data-provider="scenarios" finished-at="2020-12-01T22:47:39 IST">
          <params>
            <param index="0">
              <value>
                <![CDATA["Validate facebook title"]]>
              </value>
            </param>
            <param index="1">
              <value>
                <![CDATA["Facebook Title test"]]>
              </value>
            </param>
          </params>
          <reporter-output>
          </reporter-output>
        </test-method> <!-- runScenario -->
        <test-method status="PASS" signature="tearDownClass()[pri:0, instance:tests.TitleTestRunner@4d50efb8]" name="tearDownClass" is-config="true" duration-ms="235" started-at="2020-12-01T22:47:39 IST" finished-at="2020-12-01T22:47:39 IST">
          <reporter-output>
          </reporter-output>
        </test-method> <!-- tearDownClass -->
      </class> <!-- tests.TitleTestRunner -->
    </test> <!-- Test -->
  </suite> <!-- Suite -->
</testng-results>
